<?xml version="1.0" encoding="UTF-8"?>
<coverage generated="1560559489138" clover="3.2.0">
  <project timestamp="1560559489138" name="All files">
    <metrics statements="54" coveredstatements="53" conditionals="14" coveredconditionals="13" methods="16" coveredmethods="15" elements="84" coveredelements="81" complexity="0" loc="54" ncloc="54" packages="1" files="4" classes="4"/>
    <file name="cli.js" path="/home/ivana/LIM009-fe-md-links/src/cli.js">
      <metrics statements="4" coveredstatements="3" conditionals="2" coveredconditionals="1" methods="1" coveredmethods="0"/>
      <line num="4" count="1" type="stmt"/>
      <line num="5" count="1" type="cond" truecount="1" falsecount="1"/>
      <line num="10" count="1" type="stmt"/>
      <line num="11" count="0" type="stmt"/>
    </file>
    <file name="index.js" path="/home/ivana/LIM009-fe-md-links/src/index.js">
      <metrics statements="14" coveredstatements="14" conditionals="2" coveredconditionals="2" methods="4" coveredmethods="4"/>
      <line num="1" count="3" type="stmt"/>
      <line num="2" count="3" type="stmt"/>
      <line num="5" count="3" type="stmt"/>
      <line num="6" count="11" type="stmt"/>
      <line num="7" count="11" type="stmt"/>
      <line num="10" count="3" type="stmt"/>
      <line num="11" count="8" type="cond" truecount="2" falsecount="0"/>
      <line num="12" count="2" type="stmt"/>
      <line num="15" count="6" type="stmt"/>
      <line num="21" count="3" type="stmt"/>
      <line num="22" count="14" type="stmt"/>
      <line num="27" count="3" type="stmt"/>
      <line num="28" count="7" type="stmt"/>
      <line num="29" count="6" type="stmt"/>
    </file>
    <file name="main.js" path="/home/ivana/LIM009-fe-md-links/src/main.js">
      <metrics statements="33" coveredstatements="33" conditionals="10" coveredconditionals="10" methods="9" coveredmethods="9"/>
      <line num="2" count="2" type="stmt"/>
      <line num="3" count="2" type="stmt"/>
      <line num="8" count="2" type="stmt"/>
      <line num="9" count="4" type="stmt"/>
      <line num="10" count="4" type="stmt"/>
      <line num="11" count="8" type="stmt"/>
      <line num="17" count="4" type="cond" truecount="2" falsecount="0"/>
      <line num="18" count="2" type="stmt"/>
      <line num="19" count="3" type="stmt"/>
      <line num="20" count="3" type="stmt"/>
      <line num="21" count="3" type="stmt"/>
      <line num="23" count="3" type="stmt"/>
      <line num="27" count="2" type="stmt"/>
      <line num="33" count="2" type="stmt"/>
      <line num="34" count="3" type="stmt"/>
      <line num="36" count="3" type="stmt"/>
      <line num="37" count="10" type="stmt"/>
      <line num="38" count="10" type="cond" truecount="2" falsecount="0"/>
      <line num="39" count="1" type="stmt"/>
      <line num="42" count="9" type="cond" truecount="2" falsecount="0"/>
      <line num="43" count="3" type="stmt"/>
      <line num="48" count="3" type="stmt"/>
      <line num="53" count="2" type="stmt"/>
      <line num="54" count="2" type="stmt"/>
      <line num="55" count="2" type="stmt"/>
      <line num="56" count="3" type="stmt"/>
      <line num="64" count="2" type="stmt"/>
      <line num="65" count="6" type="stmt"/>
      <line num="66" count="6" type="cond" truecount="2" falsecount="0"/>
      <line num="67" count="3" type="cond" truecount="2" falsecount="0"/>
      <line num="68" count="2" type="stmt"/>
      <line num="70" count="1" type="stmt"/>
      <line num="73" count="2" type="stmt"/>
    </file>
    <file name="md-links.js" path="/home/ivana/LIM009-fe-md-links/src/md-links.js">
      <metrics statements="3" coveredstatements="3" conditionals="0" coveredconditionals="0" methods="2" coveredmethods="2"/>
      <line num="3" count="2" type="stmt"/>
      <line num="4" count="6" type="stmt"/>
      <line num="5" count="6" type="stmt"/>
    </file>
  </project>
</coverage>
