{"/home/ivana/LIM009-fe-md-links/src/cli.js": {"path":"/home/ivana/LIM009-fe-md-links/src/cli.js","statementMap":{"0":{"start":{"line":10,"column":21},"end":{"line":24,"column":2}},"1":{"start":{"line":11,"column":17},"end":{"line":11,"column":19}},"2":{"start":{"line":12,"column":4},"end":{"line":16,"column":4}},"3":{"start":{"line":13,"column":6},"end":{"line":13,"column":25}},"4":{"start":{"line":15,"column":4},"end":{"line":15,"column":25}},"5":{"start":{"line":17,"column":3},"end":{"line":21,"column":4}},"6":{"start":{"line":18,"column":4},"end":{"line":18,"column":20}},"7":{"start":{"line":20,"column":4},"end":{"line":20,"column":22}},"8":{"start":{"line":23,"column":3},"end":{"line":23,"column":14}},"9":{"start":{"line":28,"column":22},"end":{"line":41,"column":1}},"10":{"start":{"line":29,"column":3},"end":{"line":40,"column":4}},"11":{"start":{"line":30,"column":4},"end":{"line":39,"column":3}},"12":{"start":{"line":31,"column":3},"end":{"line":31,"column":43}},"13":{"start":{"line":32,"column":3},"end":{"line":32,"column":38}},"14":{"start":{"line":33,"column":9},"end":{"line":39,"column":3}},"15":{"start":{"line":34,"column":4},"end":{"line":34,"column":29}},"16":{"start":{"line":35,"column":4},"end":{"line":35,"column":24}},"17":{"start":{"line":37,"column":4},"end":{"line":37,"column":23}},"18":{"start":{"line":38,"column":4},"end":{"line":38,"column":17}}},"fnMap":{"0":{"name":"(anonymous_0)","decl":{"start":{"line":10,"column":21},"end":{"line":10,"column":22}},"loc":{"start":{"line":10,"column":33},"end":{"line":24,"column":2}},"line":10},"1":{"name":"(anonymous_1)","decl":{"start":{"line":28,"column":22},"end":{"line":28,"column":23}},"loc":{"start":{"line":28,"column":40},"end":{"line":41,"column":1}},"line":28},"2":{"name":"(anonymous_2)","decl":{"start":{"line":29,"column":38},"end":{"line":29,"column":39}},"loc":{"start":{"line":29,"column":49},"end":{"line":40,"column":3}},"line":29}},"branchMap":{"0":{"loc":{"start":{"line":12,"column":4},"end":{"line":16,"column":4}},"type":"if","locations":[{"start":{"line":12,"column":4},"end":{"line":16,"column":4}},{"start":{"line":12,"column":4},"end":{"line":16,"column":4}}],"line":12},"1":{"loc":{"start":{"line":17,"column":3},"end":{"line":21,"column":4}},"type":"if","locations":[{"start":{"line":17,"column":3},"end":{"line":21,"column":4}},{"start":{"line":17,"column":3},"end":{"line":21,"column":4}}],"line":17},"2":{"loc":{"start":{"line":30,"column":4},"end":{"line":39,"column":3}},"type":"if","locations":[{"start":{"line":30,"column":4},"end":{"line":39,"column":3}},{"start":{"line":30,"column":4},"end":{"line":39,"column":3}}],"line":30},"3":{"loc":{"start":{"line":30,"column":8},"end":{"line":30,"column":59}},"type":"binary-expr","locations":[{"start":{"line":30,"column":8},"end":{"line":30,"column":30}},{"start":{"line":30,"column":34},"end":{"line":30,"column":59}}],"line":30},"4":{"loc":{"start":{"line":33,"column":9},"end":{"line":39,"column":3}},"type":"if","locations":[{"start":{"line":33,"column":9},"end":{"line":39,"column":3}},{"start":{"line":33,"column":9},"end":{"line":39,"column":3}}],"line":33}},"s":{"0":1,"1":2,"2":2,"3":1,"4":1,"5":2,"6":1,"7":1,"8":2,"9":1,"10":3,"11":3,"12":1,"13":1,"14":2,"15":1,"16":1,"17":1,"18":1},"f":{"0":2,"1":3,"2":3},"b":{"0":[1,1],"1":[1,1],"2":[1,2],"3":[3,2],"4":[1,1]},"_coverageSchema":"43e27e138ebf9cfc5966b082cf9a028302ed4184","hash":"f531c9e00ab21461c12c51e21b42e373f1a09495"}
,"/home/ivana/LIM009-fe-md-links/src/index.js": {"path":"/home/ivana/LIM009-fe-md-links/src/index.js","statementMap":{"0":{"start":{"line":1,"column":20},"end":{"line":1,"column":35}},"1":{"start":{"line":2,"column":18},"end":{"line":2,"column":31}},"2":{"start":{"line":5,"column":27},"end":{"line":8,"column":1}},"3":{"start":{"line":6,"column":16},"end":{"line":6,"column":36}},"4":{"start":{"line":7,"column":4},"end":{"line":7,"column":30}},"5":{"start":{"line":10,"column":31},"end":{"line":18,"column":1}},"6":{"start":{"line":11,"column":4},"end":{"line":16,"column":5}},"7":{"start":{"line":12,"column":8},"end":{"line":12,"column":40}},"8":{"start":{"line":15,"column":8},"end":{"line":15,"column":22}},"9":{"start":{"line":21,"column":27},"end":{"line":23,"column":1}},"10":{"start":{"line":22,"column":4},"end":{"line":22,"column":41}},"11":{"start":{"line":27,"column":22},"end":{"line":30,"column":1}},"12":{"start":{"line":28,"column":16},"end":{"line":28,"column":36}},"13":{"start":{"line":29,"column":4},"end":{"line":29,"column":25}}},"fnMap":{"0":{"name":"(anonymous_0)","decl":{"start":{"line":5,"column":27},"end":{"line":5,"column":28}},"loc":{"start":{"line":5,"column":39},"end":{"line":8,"column":1}},"line":5},"1":{"name":"(anonymous_1)","decl":{"start":{"line":10,"column":31},"end":{"line":10,"column":32}},"loc":{"start":{"line":10,"column":43},"end":{"line":18,"column":1}},"line":10},"2":{"name":"(anonymous_2)","decl":{"start":{"line":21,"column":27},"end":{"line":21,"column":28}},"loc":{"start":{"line":21,"column":39},"end":{"line":23,"column":1}},"line":21},"3":{"name":"(anonymous_3)","decl":{"start":{"line":27,"column":22},"end":{"line":27,"column":23}},"loc":{"start":{"line":27,"column":34},"end":{"line":30,"column":1}},"line":27}},"branchMap":{"0":{"loc":{"start":{"line":11,"column":4},"end":{"line":16,"column":5}},"type":"if","locations":[{"start":{"line":11,"column":4},"end":{"line":16,"column":5}},{"start":{"line":11,"column":4},"end":{"line":16,"column":5}}],"line":11}},"s":{"0":4,"1":4,"2":4,"3":12,"4":12,"5":4,"6":10,"7":1,"8":9,"9":4,"10":18,"11":4,"12":9,"13":9},"f":{"0":12,"1":10,"2":18,"3":9},"b":{"0":[1,9]},"_coverageSchema":"43e27e138ebf9cfc5966b082cf9a028302ed4184","hash":"0ba512c66f5d6c5f70ec080a92ccd84e035b6d7c"}
,"/home/ivana/LIM009-fe-md-links/src/main.js": {"path":"/home/ivana/LIM009-fe-md-links/src/main.js","statementMap":{"0":{"start":{"line":2,"column":11},"end":{"line":2,"column":35}},"1":{"start":{"line":3,"column":14},"end":{"line":3,"column":35}},"2":{"start":{"line":9,"column":22},"end":{"line":20,"column":1}},"3":{"start":{"line":10,"column":17},"end":{"line":10,"column":18}},"4":{"start":{"line":11,"column":3},"end":{"line":17,"column":3}},"5":{"start":{"line":12,"column":3},"end":{"line":16,"column":4}},"6":{"start":{"line":13,"column":4},"end":{"line":13,"column":16}},"7":{"start":{"line":15,"column":4},"end":{"line":15,"column":16}},"8":{"start":{"line":18,"column":16},"end":{"line":18,"column":51}},"9":{"start":{"line":19,"column":1},"end":{"line":19,"column":20}},"10":{"start":{"line":23,"column":21},"end":{"line":34,"column":1}},"11":{"start":{"line":24,"column":14},"end":{"line":24,"column":15}},"12":{"start":{"line":25,"column":2},"end":{"line":27,"column":4}},"13":{"start":{"line":26,"column":2},"end":{"line":26,"column":34}},"14":{"start":{"line":28,"column":15},"end":{"line":28,"column":17}},"15":{"start":{"line":29,"column":3},"end":{"line":31,"column":5}},"16":{"start":{"line":30,"column":4},"end":{"line":30,"column":69}},"17":{"start":{"line":33,"column":2},"end":{"line":33,"column":52}},"18":{"start":{"line":37,"column":17},"end":{"line":63,"column":1}},"19":{"start":{"line":38,"column":26},"end":{"line":38,"column":28}},"20":{"start":{"line":39,"column":2},"end":{"line":45,"column":4}},"21":{"start":{"line":40,"column":4},"end":{"line":44,"column":6}},"22":{"start":{"line":46,"column":2},"end":{"line":62,"column":3}},"23":{"start":{"line":47,"column":4},"end":{"line":58,"column":7}},"24":{"start":{"line":48,"column":22},"end":{"line":48,"column":45}},"25":{"start":{"line":49,"column":6},"end":{"line":57,"column":8}},"26":{"start":{"line":50,"column":8},"end":{"line":51,"column":39}},"27":{"start":{"line":52,"column":8},"end":{"line":52,"column":23}},"28":{"start":{"line":54,"column":8},"end":{"line":55,"column":28}},"29":{"start":{"line":56,"column":10},"end":{"line":56,"column":25}},"30":{"start":{"line":61,"column":4},"end":{"line":61,"column":29}},"31":{"start":{"line":67,"column":29},"end":{"line":83,"column":1}},"32":{"start":{"line":68,"column":19},"end":{"line":68,"column":41}},"33":{"start":{"line":70,"column":2},"end":{"line":80,"column":4}},"34":{"start":{"line":71,"column":27},"end":{"line":71,"column":49}},"35":{"start":{"line":72,"column":4},"end":{"line":79,"column":5}},"36":{"start":{"line":73,"column":6},"end":{"line":73,"column":50}},"37":{"start":{"line":76,"column":6},"end":{"line":78,"column":7}},"38":{"start":{"line":77,"column":8},"end":{"line":77,"column":42}},"39":{"start":{"line":82,"column":2},"end":{"line":82,"column":22}},"40":{"start":{"line":87,"column":24},"end":{"line":94,"column":1}},"41":{"start":{"line":88,"column":14},"end":{"line":88,"column":39}},"42":{"start":{"line":89,"column":2},"end":{"line":91,"column":23}},"43":{"start":{"line":90,"column":4},"end":{"line":90,"column":43}},"44":{"start":{"line":98,"column":37},"end":{"line":110,"column":1}},"45":{"start":{"line":99,"column":25},"end":{"line":99,"column":48}},"46":{"start":{"line":100,"column":2},"end":{"line":108,"column":3}},"47":{"start":{"line":101,"column":4},"end":{"line":105,"column":5}},"48":{"start":{"line":102,"column":6},"end":{"line":102,"column":84}},"49":{"start":{"line":104,"column":6},"end":{"line":104,"column":16}},"50":{"start":{"line":107,"column":4},"end":{"line":107,"column":37}}},"fnMap":{"0":{"name":"(anonymous_0)","decl":{"start":{"line":9,"column":22},"end":{"line":9,"column":23}},"loc":{"start":{"line":9,"column":38},"end":{"line":20,"column":1}},"line":9},"1":{"name":"(anonymous_1)","decl":{"start":{"line":11,"column":15},"end":{"line":11,"column":16}},"loc":{"start":{"line":11,"column":23},"end":{"line":17,"column":2}},"line":11},"2":{"name":"(anonymous_2)","decl":{"start":{"line":23,"column":21},"end":{"line":23,"column":22}},"loc":{"start":{"line":23,"column":32},"end":{"line":34,"column":1}},"line":23},"3":{"name":"(anonymous_3)","decl":{"start":{"line":25,"column":16},"end":{"line":25,"column":17}},"loc":{"start":{"line":25,"column":25},"end":{"line":27,"column":3}},"line":25},"4":{"name":"(anonymous_4)","decl":{"start":{"line":29,"column":16},"end":{"line":29,"column":17}},"loc":{"start":{"line":29,"column":25},"end":{"line":31,"column":4}},"line":29},"5":{"name":"(anonymous_5)","decl":{"start":{"line":37,"column":17},"end":{"line":37,"column":18}},"loc":{"start":{"line":37,"column":48},"end":{"line":63,"column":1}},"line":37},"6":{"name":"(anonymous_6)","decl":{"start":{"line":39,"column":63},"end":{"line":39,"column":64}},"loc":{"start":{"line":39,"column":73},"end":{"line":45,"column":3}},"line":39},"7":{"name":"(anonymous_7)","decl":{"start":{"line":47,"column":45},"end":{"line":47,"column":46}},"loc":{"start":{"line":47,"column":55},"end":{"line":58,"column":5}},"line":47},"8":{"name":"(anonymous_8)","decl":{"start":{"line":49,"column":66},"end":{"line":49,"column":67}},"loc":{"start":{"line":49,"column":76},"end":{"line":53,"column":7}},"line":49},"9":{"name":"(anonymous_9)","decl":{"start":{"line":53,"column":15},"end":{"line":53,"column":16}},"loc":{"start":{"line":53,"column":24},"end":{"line":57,"column":7}},"line":53},"10":{"name":"(anonymous_10)","decl":{"start":{"line":67,"column":29},"end":{"line":67,"column":30}},"loc":{"start":{"line":67,"column":55},"end":{"line":83,"column":1}},"line":67},"11":{"name":"(anonymous_11)","decl":{"start":{"line":70,"column":19},"end":{"line":70,"column":20}},"loc":{"start":{"line":70,"column":28},"end":{"line":80,"column":3}},"line":70},"12":{"name":"(anonymous_12)","decl":{"start":{"line":87,"column":24},"end":{"line":87,"column":25}},"loc":{"start":{"line":87,"column":46},"end":{"line":94,"column":1}},"line":87},"13":{"name":"(anonymous_13)","decl":{"start":{"line":89,"column":26},"end":{"line":89,"column":27}},"loc":{"start":{"line":89,"column":35},"end":{"line":91,"column":3}},"line":89},"14":{"name":"(anonymous_14)","decl":{"start":{"line":98,"column":37},"end":{"line":98,"column":38}},"loc":{"start":{"line":98,"column":59},"end":{"line":110,"column":1}},"line":98}},"branchMap":{"0":{"loc":{"start":{"line":12,"column":3},"end":{"line":16,"column":4}},"type":"if","locations":[{"start":{"line":12,"column":3},"end":{"line":16,"column":4}},{"start":{"line":12,"column":3},"end":{"line":16,"column":4}}],"line":12},"1":{"loc":{"start":{"line":26,"column":2},"end":{"line":26,"column":33}},"type":"cond-expr","locations":[{"start":{"line":26,"column":16},"end":{"line":26,"column":26}},{"start":{"line":26,"column":28},"end":{"line":26,"column":33}}],"line":26},"2":{"loc":{"start":{"line":30,"column":4},"end":{"line":30,"column":68}},"type":"cond-expr","locations":[{"start":{"line":30,"column":38},"end":{"line":30,"column":59}},{"start":{"line":30,"column":62},"end":{"line":30,"column":68}}],"line":30},"3":{"loc":{"start":{"line":46,"column":2},"end":{"line":62,"column":3}},"type":"if","locations":[{"start":{"line":46,"column":2},"end":{"line":62,"column":3}},{"start":{"line":46,"column":2},"end":{"line":62,"column":3}}],"line":46},"4":{"loc":{"start":{"line":72,"column":4},"end":{"line":79,"column":5}},"type":"if","locations":[{"start":{"line":72,"column":4},"end":{"line":79,"column":5}},{"start":{"line":72,"column":4},"end":{"line":79,"column":5}}],"line":72},"5":{"loc":{"start":{"line":76,"column":6},"end":{"line":78,"column":7}},"type":"if","locations":[{"start":{"line":76,"column":6},"end":{"line":78,"column":7}},{"start":{"line":76,"column":6},"end":{"line":78,"column":7}}],"line":76},"6":{"loc":{"start":{"line":100,"column":2},"end":{"line":108,"column":3}},"type":"if","locations":[{"start":{"line":100,"column":2},"end":{"line":108,"column":3}},{"start":{"line":100,"column":2},"end":{"line":108,"column":3}}],"line":100},"7":{"loc":{"start":{"line":101,"column":4},"end":{"line":105,"column":5}},"type":"if","locations":[{"start":{"line":101,"column":4},"end":{"line":105,"column":5}},{"start":{"line":101,"column":4},"end":{"line":105,"column":5}}],"line":101}},"s":{"0":3,"1":3,"2":3,"3":4,"4":4,"5":8,"6":2,"7":6,"8":4,"9":4,"10":3,"11":6,"12":6,"13":12,"14":6,"15":6,"16":12,"17":6,"18":3,"19":7,"20":7,"21":16,"22":7,"23":4,"24":8,"25":8,"26":6,"27":6,"28":2,"29":2,"30":3,"31":3,"32":3,"33":3,"34":11,"35":11,"36":1,"37":10,"38":3,"39":3,"40":3,"41":2,"42":2,"43":3,"44":3,"45":8,"46":8,"47":6,"48":5,"49":1,"50":2},"f":{"0":4,"1":8,"2":6,"3":12,"4":12,"5":7,"6":16,"7":8,"8":6,"9":2,"10":3,"11":11,"12":2,"13":3,"14":8},"b":{"0":[2,6],"1":[10,2],"2":[6,6],"3":[4,3],"4":[1,10],"5":[3,7],"6":[6,2],"7":[5,1]},"_coverageSchema":"43e27e138ebf9cfc5966b082cf9a028302ed4184","hash":"244d3a8c9d6b0335bcef37abcf8c5dbaadc6e0c1"}
,"/home/ivana/LIM009-fe-md-links/src/md-links.js": {"path":"/home/ivana/LIM009-fe-md-links/src/md-links.js","statementMap":{"0":{"start":{"line":4,"column":23},"end":{"line":8,"column":3}},"1":{"start":{"line":5,"column":4},"end":{"line":7,"column":7}},"2":{"start":{"line":6,"column":6},"end":{"line":6,"column":55}}},"fnMap":{"0":{"name":"(anonymous_0)","decl":{"start":{"line":4,"column":23},"end":{"line":4,"column":24}},"loc":{"start":{"line":4,"column":46},"end":{"line":8,"column":3}},"line":4},"1":{"name":"(anonymous_1)","decl":{"start":{"line":5,"column":23},"end":{"line":5,"column":24}},"loc":{"start":{"line":5,"column":43},"end":{"line":7,"column":5}},"line":5}},"branchMap":{},"s":{"0":2,"1":8,"2":8},"f":{"0":8,"1":8},"b":{},"_coverageSchema":"43e27e138ebf9cfc5966b082cf9a028302ed4184","hash":"701a99128282e8d779fdcd37bf10fcceb090e75b"}
}
