{"/home/ivana/LIM009-fe-md-links/cli.js": {"path":"/home/ivana/LIM009-fe-md-links/cli.js","statementMap":{"0":{"start":{"line":2,"column":13},"end":{"line":2,"column":28}},"1":{"start":{"line":3,"column":11},"end":{"line":3,"column":24}},"2":{"start":{"line":4,"column":13},"end":{"line":4,"column":28}},"3":{"start":{"line":7,"column":22},"end":{"line":7,"column":34}},"4":{"start":{"line":11,"column":24},"end":{"line":19,"column":1}},"5":{"start":{"line":12,"column":2},"end":{"line":17,"column":3}},"6":{"start":{"line":13,"column":4},"end":{"line":13,"column":34}},"7":{"start":{"line":16,"column":4},"end":{"line":16,"column":37}},"8":{"start":{"line":21,"column":15},"end":{"line":21,"column":36}},"9":{"start":{"line":22,"column":0},"end":{"line":22,"column":19}},"10":{"start":{"line":25,"column":22},"end":{"line":36,"column":1}},"11":{"start":{"line":26,"column":2},"end":{"line":35,"column":4}},"12":{"start":{"line":27,"column":4},"end":{"line":34,"column":6}},"13":{"start":{"line":28,"column":6},"end":{"line":33,"column":7}},"14":{"start":{"line":29,"column":8},"end":{"line":29,"column":20}},"15":{"start":{"line":32,"column":8},"end":{"line":32,"column":31}},"16":{"start":{"line":38,"column":0},"end":{"line":38,"column":48}},"17":{"start":{"line":38,"column":29},"end":{"line":38,"column":47}},"18":{"start":{"line":40,"column":20},"end":{"line":48,"column":1}},"19":{"start":{"line":41,"column":23},"end":{"line":41,"column":25}},"20":{"start":{"line":42,"column":2},"end":{"line":46,"column":3}},"21":{"start":{"line":43,"column":4},"end":{"line":43,"column":30}},"22":{"start":{"line":45,"column":4},"end":{"line":45,"column":16}},"23":{"start":{"line":47,"column":2},"end":{"line":47,"column":22}},"24":{"start":{"line":50,"column":0},"end":{"line":50,"column":72}},"25":{"start":{"line":53,"column":16},"end":{"line":53,"column":42}},"26":{"start":{"line":54,"column":0},"end":{"line":56,"column":2}},"27":{"start":{"line":55,"column":2},"end":{"line":55,"column":20}}},"fnMap":{"0":{"name":"(anonymous_0)","decl":{"start":{"line":11,"column":24},"end":{"line":11,"column":25}},"loc":{"start":{"line":11,"column":34},"end":{"line":19,"column":1}},"line":11},"1":{"name":"(anonymous_1)","decl":{"start":{"line":25,"column":22},"end":{"line":25,"column":23}},"loc":{"start":{"line":25,"column":34},"end":{"line":36,"column":1}},"line":25},"2":{"name":"(anonymous_2)","decl":{"start":{"line":26,"column":21},"end":{"line":26,"column":22}},"loc":{"start":{"line":26,"column":42},"end":{"line":35,"column":3}},"line":26},"3":{"name":"(anonymous_3)","decl":{"start":{"line":27,"column":25},"end":{"line":27,"column":26}},"loc":{"start":{"line":27,"column":41},"end":{"line":34,"column":5}},"line":27},"4":{"name":"(anonymous_4)","decl":{"start":{"line":38,"column":18},"end":{"line":38,"column":19}},"loc":{"start":{"line":38,"column":29},"end":{"line":38,"column":47}},"line":38},"5":{"name":"(anonymous_5)","decl":{"start":{"line":40,"column":20},"end":{"line":40,"column":21}},"loc":{"start":{"line":40,"column":32},"end":{"line":48,"column":1}},"line":40},"6":{"name":"(anonymous_6)","decl":{"start":{"line":54,"column":53},"end":{"line":54,"column":54}},"loc":{"start":{"line":54,"column":63},"end":{"line":56,"column":1}},"line":54}},"branchMap":{"0":{"loc":{"start":{"line":12,"column":2},"end":{"line":17,"column":3}},"type":"if","locations":[{"start":{"line":12,"column":2},"end":{"line":17,"column":3}},{"start":{"line":12,"column":2},"end":{"line":17,"column":3}}],"line":12},"1":{"loc":{"start":{"line":28,"column":6},"end":{"line":33,"column":7}},"type":"if","locations":[{"start":{"line":28,"column":6},"end":{"line":33,"column":7}},{"start":{"line":28,"column":6},"end":{"line":33,"column":7}}],"line":28},"2":{"loc":{"start":{"line":42,"column":2},"end":{"line":46,"column":3}},"type":"if","locations":[{"start":{"line":42,"column":2},"end":{"line":46,"column":3}},{"start":{"line":42,"column":2},"end":{"line":46,"column":3}}],"line":42}},"s":{"0":1,"1":1,"2":1,"3":1,"4":1,"5":1,"6":1,"7":0,"8":1,"9":1,"10":1,"11":2,"12":2,"13":0,"14":0,"15":0,"16":1,"17":0,"18":1,"19":1,"20":1,"21":1,"22":0,"23":1,"24":1,"25":1,"26":1,"27":0},"f":{"0":1,"1":2,"2":2,"3":0,"4":0,"5":1,"6":0},"b":{"0":[1,0],"1":[0,0],"2":[1,0]},"_coverageSchema":"43e27e138ebf9cfc5966b082cf9a028302ed4184","hash":"a9deeabdd01819b35a843a31e178489e7103bac7"}
}
