TN:
SF:/home/ivana/LIM009-fe-md-links/src/cli.js
FN:10,(anonymous_0)
FN:26,(anonymous_1)
FN:27,(anonymous_2)
FNF:3
FNH:3
FNDA:2,(anonymous_0)
FNDA:3,(anonymous_1)
FNDA:3,(anonymous_2)
DA:10,1
DA:11,2
DA:12,2
DA:13,1
DA:15,1
DA:17,2
DA:18,1
DA:20,1
DA:23,2
DA:26,1
DA:27,3
DA:28,3
DA:29,1
DA:30,1
DA:31,2
DA:32,1
DA:33,1
DA:35,1
DA:36,1
LF:19
LH:19
BRDA:12,0,0,1
BRDA:12,0,1,1
BRDA:17,1,0,1
BRDA:17,1,1,1
BRDA:28,2,0,1
BRDA:28,2,1,2
BRDA:28,3,0,3
BRDA:28,3,1,2
BRDA:31,4,0,1
BRDA:31,4,1,1
BRF:10
BRH:10
end_of_record
TN:
SF:/home/ivana/LIM009-fe-md-links/src/fetch.js
FN:3,(anonymous_0)
FN:4,(anonymous_1)
FN:8,(anonymous_2)
FNF:3
FNH:3
FNDA:10,(anonymous_0)
FNDA:7,(anonymous_1)
FNDA:3,(anonymous_2)
DA:1,4
DA:3,4
DA:4,10
DA:5,7
DA:7,7
DA:9,3
DA:11,3
LF:7
LH:7
BRF:0
BRH:0
end_of_record
TN:
SF:/home/ivana/LIM009-fe-md-links/src/index.js
FN:5,(anonymous_0)
FN:10,(anonymous_1)
FN:21,(anonymous_2)
FN:27,(anonymous_3)
FNF:4
FNH:4
FNDA:13,(anonymous_0)
FNDA:10,(anonymous_1)
FNDA:19,(anonymous_2)
FNDA:9,(anonymous_3)
DA:1,4
DA:2,4
DA:5,4
DA:6,13
DA:7,13
DA:10,4
DA:11,10
DA:12,1
DA:15,9
DA:21,4
DA:22,19
DA:27,4
DA:28,9
DA:29,9
LF:14
LH:14
BRDA:11,0,0,1
BRDA:11,0,1,9
BRF:2
BRH:2
end_of_record
TN:
SF:/home/ivana/LIM009-fe-md-links/src/main.js
FN:9,(anonymous_0)
FN:11,(anonymous_1)
FN:23,(anonymous_2)
FN:25,(anonymous_3)
FN:29,(anonymous_4)
FN:37,(anonymous_5)
FN:39,(anonymous_6)
FN:49,(anonymous_7)
FN:60,(anonymous_8)
FN:63,(anonymous_9)
FN:80,(anonymous_10)
FN:82,(anonymous_11)
FN:91,(anonymous_12)
FNF:13
FNH:13
FNDA:4,(anonymous_0)
FNDA:8,(anonymous_1)
FNDA:6,(anonymous_2)
FNDA:12,(anonymous_3)
FNDA:12,(anonymous_4)
FNDA:7,(anonymous_5)
FNDA:16,(anonymous_6)
FNDA:8,(anonymous_7)
FNDA:3,(anonymous_8)
FNDA:12,(anonymous_9)
FNDA:2,(anonymous_10)
FNDA:3,(anonymous_11)
FNDA:8,(anonymous_12)
DA:2,3
DA:9,3
DA:10,4
DA:11,4
DA:12,8
DA:13,2
DA:15,6
DA:18,4
DA:19,4
DA:23,3
DA:24,6
DA:25,6
DA:26,12
DA:28,6
DA:29,6
DA:30,12
DA:33,6
DA:37,3
DA:38,7
DA:39,7
DA:40,16
DA:42,16
DA:48,7
DA:49,4
DA:50,8
DA:51,8
DA:54,3
DA:60,3
DA:61,3
DA:63,3
DA:64,12
DA:65,12
DA:66,1
DA:69,11
DA:70,3
DA:75,3
DA:80,3
DA:81,2
DA:82,2
DA:83,3
DA:91,3
DA:92,8
DA:93,8
DA:94,6
DA:95,5
DA:97,1
DA:100,2
LF:47
LH:47
BRDA:12,0,0,2
BRDA:12,0,1,6
BRDA:26,1,0,10
BRDA:26,1,1,2
BRDA:30,2,0,6
BRDA:30,2,1,6
BRDA:48,3,0,4
BRDA:48,3,1,3
BRDA:65,4,0,1
BRDA:65,4,1,11
BRDA:69,5,0,3
BRDA:69,5,1,8
BRDA:93,6,0,6
BRDA:93,6,1,2
BRDA:94,7,0,5
BRDA:94,7,1,1
BRF:16
BRH:16
end_of_record
TN:
SF:/home/ivana/LIM009-fe-md-links/src/md-links.js
FN:4,(anonymous_0)
FN:5,(anonymous_1)
FNF:2
FNH:2
FNDA:8,(anonymous_0)
FNDA:8,(anonymous_1)
DA:4,2
DA:5,8
DA:6,8
LF:3
LH:3
BRF:0
BRH:0
end_of_record
