TN:
SF:/home/ivana/LIM009-fe-md-links/src/cli.js
FN:10,(anonymous_0)
FN:28,(anonymous_1)
FN:29,(anonymous_2)
FNF:3
FNH:1
FNDA:0,(anonymous_0)
FNDA:1,(anonymous_1)
FNDA:0,(anonymous_2)
DA:10,1
DA:11,0
DA:12,0
DA:13,0
DA:15,0
DA:17,0
DA:18,0
DA:20,0
DA:23,0
DA:28,1
DA:29,1
DA:30,0
DA:31,0
DA:32,0
DA:33,0
DA:34,0
DA:36,0
LF:17
LH:3
BRDA:12,0,0,0
BRDA:12,0,1,0
BRDA:17,1,0,0
BRDA:17,1,1,0
BRDA:30,2,0,0
BRDA:30,2,1,0
BRDA:30,3,0,0
BRDA:30,3,1,0
BRDA:33,4,0,0
BRDA:33,4,1,0
BRF:10
BRH:0
end_of_record
TN:
SF:/home/ivana/LIM009-fe-md-links/src/index.js
FN:5,(anonymous_0)
FN:10,(anonymous_1)
FN:21,(anonymous_2)
FN:27,(anonymous_3)
FNF:4
FNH:4
FNDA:12,(anonymous_0)
FNDA:8,(anonymous_1)
FNDA:16,(anonymous_2)
FNDA:7,(anonymous_3)
DA:1,4
DA:2,4
DA:5,4
DA:6,12
DA:7,12
DA:10,4
DA:11,8
DA:12,1
DA:15,7
DA:21,4
DA:22,16
DA:27,4
DA:28,7
DA:29,7
LF:14
LH:14
BRDA:11,0,0,1
BRDA:11,0,1,7
BRF:2
BRH:2
end_of_record
TN:
SF:/home/ivana/LIM009-fe-md-links/src/main.js
FN:9,(anonymous_0)
FN:11,(anonymous_1)
FN:23,(anonymous_2)
FN:25,(anonymous_3)
FN:29,(anonymous_4)
FN:37,(anonymous_5)
FN:39,(anonymous_6)
FN:47,(anonymous_7)
FN:49,(anonymous_8)
FN:53,(anonymous_9)
FN:67,(anonymous_10)
FN:70,(anonymous_11)
FN:87,(anonymous_12)
FN:89,(anonymous_13)
FN:98,(anonymous_14)
FNF:15
FNH:15
FNDA:2,(anonymous_0)
FNDA:4,(anonymous_1)
FNDA:2,(anonymous_2)
FNDA:4,(anonymous_3)
FNDA:4,(anonymous_4)
FNDA:5,(anonymous_5)
FNDA:12,(anonymous_6)
FNDA:6,(anonymous_7)
FNDA:2,(anonymous_8)
FNDA:2,(anonymous_9)
FNDA:3,(anonymous_10)
FNDA:11,(anonymous_11)
FNDA:2,(anonymous_12)
FNDA:3,(anonymous_13)
FNDA:6,(anonymous_14)
DA:2,3
DA:3,3
DA:9,3
DA:10,2
DA:11,2
DA:12,4
DA:13,2
DA:15,2
DA:18,2
DA:19,2
DA:23,3
DA:24,2
DA:25,2
DA:26,4
DA:28,2
DA:29,2
DA:30,4
DA:33,2
DA:37,3
DA:38,5
DA:39,5
DA:40,12
DA:46,5
DA:47,3
DA:48,6
DA:49,6
DA:50,2
DA:52,2
DA:54,2
DA:56,2
DA:61,2
DA:67,3
DA:68,3
DA:70,3
DA:71,11
DA:72,11
DA:73,1
DA:76,10
DA:77,3
DA:82,3
DA:87,3
DA:88,2
DA:89,2
DA:90,3
DA:98,3
DA:99,6
DA:100,6
DA:101,4
DA:102,3
DA:104,1
DA:107,2
LF:51
LH:51
BRDA:12,0,0,2
BRDA:12,0,1,2
BRDA:26,1,0,2
BRDA:26,1,1,2
BRDA:30,2,0,2
BRDA:30,2,1,2
BRDA:46,3,0,3
BRDA:46,3,1,2
BRDA:72,4,0,1
BRDA:72,4,1,10
BRDA:76,5,0,3
BRDA:76,5,1,7
BRDA:100,6,0,4
BRDA:100,6,1,2
BRDA:101,7,0,3
BRDA:101,7,1,1
BRF:16
BRH:16
end_of_record
TN:
SF:/home/ivana/LIM009-fe-md-links/src/md-links.js
FN:4,(anonymous_0)
FN:5,(anonymous_1)
FNF:2
FNH:2
FNDA:6,(anonymous_0)
FNDA:6,(anonymous_1)
DA:4,2
DA:5,6
DA:6,6
LF:3
LH:3
BRF:0
BRH:0
end_of_record
